Log file open, 06/07/22 21:27:17
LogWindows: Failed to load 'aqProf.dll' (GetLastError=126)
LogWindows: File 'aqProf.dll' does not exist
LogWindows: Failed to load 'VSPerf140.dll' (GetLastError=126)
LogWindows: File 'VSPerf140.dll' does not exist
LogWindows: Failed to load 'VtuneApi.dll' (GetLastError=126)
LogWindows: File 'VtuneApi.dll' does not exist
LogWindows: Failed to load 'VtuneApi32e.dll' (GetLastError=126)
LogWindows: File 'VtuneApi32e.dll' does not exist
LogInit: Display: Running engine for game: Programowaniezad2
LogPlatformFile: Not using cached read wrapper
LogTaskGraph: Started task graph with 5 named threads and 47 total threads with 3 sets of task threads.
LogStats: Stats thread started at 1.071730
LogD3D11RHI: Loaded GFSDK_Aftermath_Lib.x64.dll
LogICUInternationalization: Display: ICU TimeZone Detection - Raw Offset: +1:00, Platform Override: ''
LogPluginManager: Mounting plugin Paper2D
LogPluginManager: Mounting plugin AISupport
LogPluginManager: Mounting plugin LightPropagationVolume
LogPluginManager: Mounting plugin CLionSourceCodeAccess
LogPluginManager: Mounting plugin CodeLiteSourceCodeAccess
LogPluginManager: Mounting plugin GitSourceControl
LogPluginManager: Mounting plugin KDevelopSourceCodeAccess
LogPluginManager: Mounting plugin NullSourceCodeAccess
LogPluginManager: Mounting plugin PerforceSourceControl
LogPluginManager: Mounting plugin SubversionSourceControl
LogPluginManager: Mounting plugin UObjectPlugin
LogPluginManager: Mounting plugin VisualStudioCodeSourceCodeAccess
LogPluginManager: Mounting plugin VisualStudioSourceCodeAccess
LogPluginManager: Mounting plugin XCodeSourceCodeAccess
LogPluginManager: Mounting plugin AssetManagerEditor
LogPluginManager: Mounting plugin CryptoKeys
LogPluginManager: Mounting plugin DataValidation
LogPluginManager: Mounting plugin FacialAnimation
LogPluginManager: Mounting plugin GameplayTagsEditor
LogPluginManager: Mounting plugin MacGraphicsSwitching
LogPluginManager: Mounting plugin MeshEditor
LogPluginManager: Mounting plugin MobileLauncherProfileWizard
LogPluginManager: Mounting plugin PluginBrowser
LogPluginManager: Mounting plugin SpeedTreeImporter
LogPluginManager: Mounting plugin DatasmithContent
LogPluginManager: Mounting plugin AlembicImporter
LogPluginManager: Mounting plugin AppleImageUtils
LogPluginManager: Mounting plugin AppleVision
LogPluginManager: Mounting plugin BackChannel
LogPluginManager: Mounting plugin CharacterAI
LogPluginManager: Mounting plugin GeometryCache
LogPluginManager: Mounting plugin HTML5Networking
LogPluginManager: Mounting plugin ProxyLODPlugin
LogPluginManager: Mounting plugin MagicLeap
LogPluginManager: Mounting plugin MagicLeapEmulator
LogPluginManager: Mounting plugin MagicLeapMedia
LogPluginManager: Mounting plugin AndroidMedia
LogPluginManager: Mounting plugin AvfMedia
LogPluginManager: Mounting plugin ImgMedia
LogPluginManager: Mounting plugin LinearTimecode
LogPluginManager: Mounting plugin MediaCompositing
LogPluginManager: Mounting plugin MediaPlayerEditor
LogPluginManager: Mounting plugin WmfMedia
LogPluginManager: Mounting plugin TcpMessaging
LogPluginManager: Mounting plugin UdpMessaging
LogPluginManager: Mounting plugin ActorSequence
LogPluginManager: Mounting plugin LevelSequenceEditor
LogPluginManager: Mounting plugin MatineeToLevelSequence
LogPluginManager: Mounting plugin NetcodeUnitTest
LogPluginManager: Mounting plugin NUTUnrealEngine4
LogPluginManager: Mounting plugin OnlineSubsystemGooglePlay
LogPluginManager: Mounting plugin OnlineSubsystemIOS
LogPluginManager: Mounting plugin OnlineSubsystem
LogPluginManager: Mounting plugin OnlineSubsystemNull
LogPluginManager: Mounting plugin OnlineSubsystemUtils
LogPluginManager: Mounting plugin LauncherChunkInstaller
LogPluginManager: Mounting plugin AndroidDeviceProfileSelector
LogPluginManager: Mounting plugin AndroidMoviePlayer
LogPluginManager: Mounting plugin AndroidPermission
LogPluginManager: Mounting plugin AppleMoviePlayer
LogPluginManager: Mounting plugin ArchVisCharacter
LogPluginManager: Mounting plugin AudioCapture
LogPluginManager: Mounting plugin CableComponent
LogPluginManager: Mounting plugin CustomMeshComponent
LogPluginManager: Mounting plugin EditableMesh
LogPluginManager: Mounting plugin ExampleDeviceProfileSelector
LogPluginManager: Mounting plugin GoogleCloudMessaging
LogPluginManager: Mounting plugin ImmediatePhysics
LogPluginManager: Mounting plugin IOSDeviceProfileSelector
LogPluginManager: Mounting plugin LinuxDeviceProfileSelector
LogPluginManager: Mounting plugin LocationServicesBPLibrary
LogPluginManager: Mounting plugin MobilePatchingUtils
LogPluginManager: Mounting plugin OculusVR
LogPluginManager: Plugin shader directory ../../../Engine/Plugins/Runtime/Oculus/OculusVR/Shaders found
LogPluginManager: Mapping shader source directory ../../../Engine/Plugins/Runtime/Oculus/OculusVR/Shaders to virtual directory /Plugin/OculusVR
LogPluginManager: Mounting plugin PhysXVehicles
LogPluginManager: Mounting plugin ProceduralMeshComponent
LogPluginManager: Mounting plugin RuntimePhysXCooking
LogPluginManager: Mounting plugin SteamVR
LogPluginManager: Mounting plugin WindowsMoviePlayer
LogStreaming: Display: Took  0.166s to configure plugins.
LogInit: Using libcurl 7.55.1-DEV
LogInit:  - built for x86_64-pc-win32
LogInit:  - supports SSL with OpenSSL/1.0.2h
LogInit:  - supports HTTP deflate (compression) using libz 1.2.8
LogInit:  - other features:
LogInit:      CURL_VERSION_SSL
LogInit:      CURL_VERSION_LIBZ
LogInit:      CURL_VERSION_IPV6
LogInit:      CURL_VERSION_ASYNCHDNS
LogInit:      CURL_VERSION_LARGEFILE
LogInit:      CURL_VERSION_IDN
LogInit:  CurlRequestOptions (configurable via config and command line):
LogInit:  - bVerifyPeer = false  - Libcurl will NOT verify peer certificate
LogInit:  - bUseHttpProxy = false  - Libcurl will NOT use HTTP proxy
LogInit:  - bDontReuseConnections = false  - Libcurl will reuse connections
LogInit:  - CertBundlePath = nullptr  - Libcurl will use whatever was configured at build time.
LogInit:  - MaxHostConnections = 16  - Libcurl will limit the number of connections to a host
LogInit:  - LocalHostAddr = Default
LogInit:  - BufferSize = 65536
LogInit: WinSock: version 1.1 (2.2), MaxSocks=32767, MaxUdp=65467
LogInit: Build: ++UE4+Release-4.20-CL-4369336
LogInit: Engine Version: 4.20.3-4369336+++UE4+Release-4.20
LogInit: Compatible Engine Version: 4.20.0-4212847+++UE4+Release-4.20
LogInit: Net CL: 4212847
LogInit: OS: Windows 10 (), CPU: AMD Ryzen 9 4900H with Radeon Graphics         , GPU: AMD Radeon(TM) Graphics
LogInit: Compiled (64-bit): Sep 17 2018 12:26:19
LogInit: Compiled with Visual C++: 19.13.26129.00
LogInit: Build Configuration: Development
LogInit: Branch Name: ++UE4+Release-4.20
LogInit: Command Line:  
LogInit: Base Directory: C:/Program Files/Epic Games/UE_4.20/Engine/Binaries/Win64/
LogInit: Installed Engine Build: 1
LogDevObjectVersion: Number of dev versions registered: 20
LogDevObjectVersion:   Dev-Blueprints (B0D832E4-1F89-4F0D-ACCF-7EB736FD4AA2): 10
LogDevObjectVersion:   Dev-Build (E1C64328-A22C-4D53-A36C-8E866417BD8C): 0
LogDevObjectVersion:   Dev-Core (375EC13C-06E4-48FB-B500-84F0262A717E): 2
LogDevObjectVersion:   Dev-Editor (E4B068ED-F494-42E9-A231-DA0B2E46BB41): 24
LogDevObjectVersion:   Dev-Framework (CFFC743F-43B0-4480-9391-14DF171D2073): 34
LogDevObjectVersion:   Dev-Mobile (B02B49B5-BB20-44E9-A304-32B752E40360): 2
LogDevObjectVersion:   Dev-Networking (A4E4105C-59A1-49B5-A7C5-40C4547EDFEE): 0
LogDevObjectVersion:   Dev-Online (39C831C9-5AE6-47DC-9A44-9C173E1C8E7C): 0
LogDevObjectVersion:   Dev-Physics (78F01B33-EBEA-4F98-B9B4-84EACCB95AA2): 0
LogDevObjectVersion:   Dev-Platform (6631380F-2D4D-43E0-8009-CF276956A95A): 0
LogDevObjectVersion:   Dev-Rendering (12F88B9F-8875-4AFC-A67C-D90C383ABD29): 26
LogDevObjectVersion:   Dev-Sequencer (7B5AE74C-D270-4C10-A958-57980B212A5A): 9
LogDevObjectVersion:   Dev-VR (D7296918-1DD6-4BDD-9DE2-64A83CC13884): 2
LogDevObjectVersion:   Dev-LoadTimes (C2A15278-BFE7-4AFE-6C17-90FF531DF755): 1
LogDevObjectVersion:   Private-Geometry (6EACA3D4-40EC-4CC1-B786-8BED09428FC5): 3
LogDevObjectVersion:   Dev-AnimPhys (29E575DD-E0A3-4627-9D10-D276232CDCEA): 17
LogDevObjectVersion:   Dev-ReflectionCapture (6B266CEC-1EC7-4B8F-A30B-E4D90942FC07): 1
LogDevObjectVersion:   Dev-Automation (0DF73D61-A23F-47EA-B727-89E90C41499A): 1
LogDevObjectVersion:   FortniteMain (601D1886-AC64-4F84-AA16-D3DE0DEAC7D6): 12
LogDevObjectVersion:   Dev-Enterprise (9DFFBCD6-494F-0158-E221-12823C92A888): 1
LogStreaming: Display: Took  0.000s to delete old logs.
LogInit: Presizing for max 8388607 objects, including 0 objects not considered by GC, pre-allocating 0 bytes for permanent pool.
LogInit: Object subsystem initialized
[2022.06.07-19.27.17:952][  0]LogInit: Selected Device Profile: [Windows]
[2022.06.07-19.27.17:952][  0]LogInit: Applying CVar settings loaded from the selected device profile: [Windows]
[2022.06.07-19.27.17:962][  0]LogHAL: Display: Platform has ~ 16 GB [16556597248 / 17179869184 / 16], which maps to Larger [LargestMinGB=32, LargerMinGB=12, DefaultMinGB=8, SmallerMinGB=6, SmallestMinGB=0)
[2022.06.07-19.27.17:962][  0]LogInit: Setting Device Profile CVar: [[r.Vulkan.UseRealUBs:1]]
[2022.06.07-19.27.17:962][  0]LogInit: Going up to parent DeviceProfile []
[2022.06.07-19.27.17:963][  0]LogInit: Computer: LAPTOP-N4IVOJU7
[2022.06.07-19.27.17:963][  0]LogInit: User: alber
[2022.06.07-19.27.17:963][  0]LogInit: CPU Page size=4096, Cores=8
[2022.06.07-19.27.17:963][  0]LogInit: High frequency timer resolution =10.000000 MHz
[2022.06.07-19.27.17:963][  0]LogMemory: Memory total: Physical=15.4GB (16GB approx)
[2022.06.07-19.27.17:963][  0]LogMemory: Platform Memory Stats for Windows
[2022.06.07-19.27.17:963][  0]LogMemory: Process Physical Memory: 103.64 MB used, 103.64 MB peak
[2022.06.07-19.27.17:964][  0]LogMemory: Process Virtual Memory: 91.57 MB used, 91.57 MB peak
[2022.06.07-19.27.17:964][  0]LogMemory: Physical Memory: 10117.21 MB used,  5672.39 MB free, 15789.60 MB total
[2022.06.07-19.27.17:964][  0]LogMemory: Virtual Memory: 4662.26 MB used,  5672.39 MB free, 134217728.00 MB total
[2022.06.07-19.27.18:075][  0]LogInit: Using OS detected language (pl-PL).
[2022.06.07-19.27.18:075][  0]LogInit: Using OS detected locale (pl-PL).
[2022.06.07-19.27.18:077][  0]LogTextLocalizationManager: No specific localization for 'pl-PL' exists, so the 'pl' localization will be used.
[2022.06.07-19.27.18:082][  0]LogStreaming: Display: Took  0.007s to InitEngineTextLocalization.
[2022.06.07-19.27.18:083][  0]LogInit: Setting process to per monitor DPI aware
[2022.06.07-19.27.18:142][  0]LogSlate: New Slate User Created.  User Index 0, Is Virtual User: 0
[2022.06.07-19.27.18:142][  0]LogSlate: Slate User Registered.  User Index 0, Is Virtual User: 0
[2022.06.07-19.27.18:595][  0]LogHMD: Failed to initialize OpenVR with code 110
[2022.06.07-19.27.18:595][  0]LogD3D11RHI: D3D11 adapters:
[2022.06.07-19.27.18:736][  0]LogD3D11RHI:    0. 'NVIDIA GeForce RTX 2060' (Feature Level 11_0)
[2022.06.07-19.27.18:736][  0]LogD3D11RHI:       5980/0/7894 MB DedicatedVideo/DedicatedSystem/SharedSystem, Outputs:1, VendorId:0x10de
[2022.06.07-19.27.18:788][  0]LogD3D11RHI:    1. 'AMD Radeon(TM) Graphics' (Feature Level 11_0)
[2022.06.07-19.27.18:788][  0]LogD3D11RHI:       496/0/7894 MB DedicatedVideo/DedicatedSystem/SharedSystem, Outputs:0, VendorId:0x1002
[2022.06.07-19.27.18:791][  0]LogD3D11RHI:    2. 'Microsoft Basic Render Driver' (Feature Level 11_0)
[2022.06.07-19.27.18:791][  0]LogD3D11RHI:       0/0/7894 MB DedicatedVideo/DedicatedSystem/SharedSystem, Outputs:0, VendorId:0x1414
[2022.06.07-19.27.18:792][  0]LogD3D11RHI: Chosen D3D11 Adapter: 0
[2022.06.07-19.27.18:802][  0]LogD3D11RHI: Creating new Direct3DDevice
[2022.06.07-19.27.18:802][  0]LogD3D11RHI:     GPU DeviceId: 0x1f15 (for the marketing name, search the web for "GPU Device Id")
[2022.06.07-19.27.18:802][  0]LogWindows: EnumDisplayDevices:
[2022.06.07-19.27.18:803][  0]LogWindows:    0. 'AMD Radeon(TM) Graphics' (P:1 D:1)
[2022.06.07-19.27.18:803][  0]LogWindows:    1. 'AMD Radeon(TM) Graphics' (P:0 D:0)
[2022.06.07-19.27.18:803][  0]LogWindows:    2. 'AMD Radeon(TM) Graphics' (P:0 D:0)
[2022.06.07-19.27.18:803][  0]LogWindows:    3. 'AMD Radeon(TM) Graphics' (P:0 D:0)
[2022.06.07-19.27.18:804][  0]LogWindows:    4. 'NVIDIA GeForce RTX 2060' (P:0 D:0)
[2022.06.07-19.27.18:804][  0]LogWindows:    5. 'NVIDIA GeForce RTX 2060' (P:0 D:0)
[2022.06.07-19.27.18:804][  0]LogWindows:    6. 'NVIDIA GeForce RTX 2060' (P:0 D:0)
[2022.06.07-19.27.18:804][  0]LogWindows:    7. 'NVIDIA GeForce RTX 2060' (P:0 D:0)
[2022.06.07-19.27.18:804][  0]LogWindows: DebugString: PrimaryIsNotTheChoosenAdapter PrimaryIsNotTheChoosenAdapter PrimaryIsNotTheChoosenAdapter PrimaryIsNotTheChoosenAdapter FoundDriverCount:4 
[2022.06.07-19.27.18:804][  0]LogD3D11RHI:     Adapter Name: NVIDIA GeForce RTX 2060
[2022.06.07-19.27.18:804][  0]LogD3D11RHI:   Driver Version: 511.69 (internal:30.0.15.1169, unified:511.69)
[2022.06.07-19.27.18:804][  0]LogD3D11RHI:      Driver Date: 2-1-2022
[2022.06.07-19.27.18:804][  0]LogRHI: Texture pool is 4186 MB (70% of 5980 MB)
[2022.06.07-19.27.18:866][  0]LogD3D11RHI: Async texture creation enabled
[2022.06.07-19.27.18:885][  0]LogD3D11RHI: GPU Timing Frequency: 1000.000000 (Debug: 2 1)
[2022.06.07-19.27.18:888][  0]LogShaderCompilers: Guid format shader working directory is 6 characters bigger than the processId version (D:/Pulpit/Nowy folder/Programowaniezad2/Intermediate/Shaders/WorkingDirectory/16780/).
[2022.06.07-19.27.18:888][  0]LogShaderCompilers: Cleaned the shader compiler working directory 'C:/Users/alber/AppData/Local/Temp/UnrealShaderWorkingDir/645A7E2C495B6F1A6379B4B1494C8B67/'.
[2022.06.07-19.27.19:170][  0]LogTemp: Display: Loaded TP AllDesktopTargetPlatform
[2022.06.07-19.27.19:186][  0]LogTemp: Display: Loaded TP MacClientTargetPlatform
[2022.06.07-19.27.19:201][  0]LogTemp: Display: Loaded TP MacNoEditorTargetPlatform
[2022.06.07-19.27.19:217][  0]LogTemp: Display: Loaded TP MacServerTargetPlatform
[2022.06.07-19.27.19:233][  0]LogTemp: Display: Loaded TP MacTargetPlatform
[2022.06.07-19.27.19:249][  0]LogTemp: Display: Loaded TP WindowsClientTargetPlatform
[2022.06.07-19.27.19:265][  0]LogTemp: Display: Loaded TP WindowsNoEditorTargetPlatform
[2022.06.07-19.27.19:280][  0]LogTemp: Display: Loaded TP WindowsServerTargetPlatform
[2022.06.07-19.27.19:290][  0]LogTemp: Display: Loaded TP WindowsTargetPlatform
[2022.06.07-19.27.19:366][  0]LogTemp: Display: Loaded TP AndroidTargetPlatform
[2022.06.07-19.27.19:366][  0]LogTemp: Display: Loaded TP AndroidTargetPlatform
[2022.06.07-19.27.19:366][  0]LogTemp: Display: Loaded TP AndroidTargetPlatform
[2022.06.07-19.27.19:366][  0]LogTemp: Display: Loaded TP AndroidTargetPlatform
[2022.06.07-19.27.19:366][  0]LogTemp: Display: Loaded TP AndroidTargetPlatform
[2022.06.07-19.27.19:366][  0]LogTemp: Display: Loaded TP AndroidTargetPlatform
[2022.06.07-19.27.19:366][  0]LogTemp: Display: Loaded TP AndroidTargetPlatform
[2022.06.07-19.27.19:366][  0]LogTemp: Display: Loaded TP AndroidTargetPlatform
[2022.06.07-19.27.19:366][  0]LogTemp: Display: Loaded TP AndroidTargetPlatform
[2022.06.07-19.27.19:366][  0]LogTemp: Display: Loaded TP AndroidTargetPlatform
[2022.06.07-19.27.19:366][  0]LogTemp: Display: Loaded TP AndroidTargetPlatform
[2022.06.07-19.27.19:366][  0]LogTemp: Display: Loaded TP AndroidTargetPlatform
[2022.06.07-19.27.19:366][  0]LogTemp: Display: Loaded TP AndroidTargetPlatform
[2022.06.07-19.27.19:366][  0]LogTemp: Display: Loaded TP AndroidTargetPlatform
[2022.06.07-19.27.19:366][  0]LogTemp: Display: Loaded TP AndroidTargetPlatform
[2022.06.07-19.27.19:366][  0]LogTemp: Display: Loaded TP AndroidTargetPlatform
[2022.06.07-19.27.19:366][  0]LogTemp: Display: Loaded TP AndroidTargetPlatform
[2022.06.07-19.27.19:366][  0]LogTemp: Display: Loaded TP AndroidTargetPlatform
[2022.06.07-19.27.19:371][  0]LogTemp: Display: Loaded TP HTML5TargetPlatform
[2022.06.07-19.27.19:442][  0]LogTemp: Display: Loaded TP IOSTargetPlatform
[2022.06.07-19.27.19:442][  0]LogTemp: Display: Loaded TP IOSTargetPlatform
[2022.06.07-19.27.19:465][  0]LogTemp: Display: Loaded TP TVOSTargetPlatform
[2022.06.07-19.27.19:465][  0]LogTemp: Display: Loaded TP TVOSTargetPlatform
[2022.06.07-19.27.19:480][  0]LogTemp: Display: Loaded TP LinuxClientTargetPlatform
[2022.06.07-19.27.19:496][  0]LogTemp: Display: Loaded TP LinuxNoEditorTargetPlatform
[2022.06.07-19.27.19:510][  0]LogTemp: Display: Loaded TP LinuxServerTargetPlatform
[2022.06.07-19.27.19:525][  0]LogTemp: Display: Loaded TP LinuxTargetPlatform
[2022.06.07-19.27.19:538][  0]LogTemp: Display: Loaded TP LuminTargetPlatform
[2022.06.07-19.27.19:538][  0]LogTargetPlatformManager: Display: Building Assets For Windows
[2022.06.07-19.27.19:680][  0]LogXGEController: Cleaning working directory: C:/Users/alber/AppData/Local/Temp/UnrealXGEWorkingDir/
[2022.06.07-19.27.19:680][  0]LogXGEController: Cannot use XGE Controller as Incredibuild is not installed on this machine.
[2022.06.07-19.27.19:680][  0]LogShaderCompilers: Cannot use XGE Shader Compiler as Incredibuild is not installed on this machine.
[2022.06.07-19.27.19:680][  0]LogShaderCompilers: Display: Using Local Shader Compiler.
[2022.06.07-19.27.20:506][  0]LogDerivedDataCache: Display: Max Cache Size: 512 MB
[2022.06.07-19.27.20:640][  0]LogDerivedDataCache: Loaded boot cache 0.13s 71MB C:/Users/alber/AppData/Local/UnrealEngine/4.20/DerivedDataCache/Boot.ddc.
[2022.06.07-19.27.20:640][  0]LogDerivedDataCache: Display: Loaded Boot cache: C:/Users/alber/AppData/Local/UnrealEngine/4.20/DerivedDataCache/Boot.ddc
[2022.06.07-19.27.20:640][  0]LogDerivedDataCache: FDerivedDataBackendGraph:  Pak pak cache file D:/Pulpit/Nowy folder/Programowaniezad2/DerivedDataCache/DDC.ddp not found, will not use a pak cache.
[2022.06.07-19.27.20:640][  0]LogDerivedDataCache: Unable to find inner node Pak for hierarchical cache Hierarchy.
[2022.06.07-19.27.20:640][  0]LogDerivedDataCache: FDerivedDataBackendGraph:  CompressedPak pak cache file D:/Pulpit/Nowy folder/Programowaniezad2/DerivedDataCache/Compressed.ddp not found, will not use a pak cache.
[2022.06.07-19.27.20:640][  0]LogDerivedDataCache: Unable to find inner node CompressedPak for hierarchical cache Hierarchy.
[2022.06.07-19.27.20:658][  0]LogDerivedDataCache: Display: Pak cache opened for reading ../../../Engine/DerivedDataCache/Compressed.ddp.
[2022.06.07-19.27.20:671][  0]LogDerivedDataCache: Using Local data cache path C:/Users/alber/AppData/Local/UnrealEngine/Common/DerivedDataCache: Writable
[2022.06.07-19.27.20:671][  0]LogDerivedDataCache: Shared data cache path not found in *engine.ini, will not use an Shared cache.
[2022.06.07-19.27.20:671][  0]LogDerivedDataCache: Unable to find inner node Shared for hierarchical cache Hierarchy.
[2022.06.07-19.27.20:689][  0]LogMaterial: Verifying Global Shaders for PCD3D_SM5
[2022.06.07-19.27.20:694][  0]LogSlate: Using FreeType 2.6.0
[2022.06.07-19.27.20:698][  0]LogSlate: SlateFontServices - WITH_FREETYPE: 1, WITH_HARFBUZZ: 1
[2022.06.07-19.27.20:825][  0]LogAssetRegistry: FAssetRegistry took 0.0269 seconds to start up
[2022.06.07-19.27.21:143][  0]LogInit: Selected Device Profile: [Windows]
[2022.06.07-19.27.21:344][  0]LogSimplygon: Simplygon DLL not present - disabling.
[2022.06.07-19.27.21:363][  0]LogMeshReduction: Using SimplygonSwarm for distributed automatic mesh merging
[2022.06.07-19.27.21:363][  0]LogMeshReduction: Using ProxyLODMeshReduction for automatic mesh merging
[2022.06.07-19.27.21:363][  0]LogMeshReduction: Using QuadricMeshReduction for automatic static mesh reduction
[2022.06.07-19.27.21:363][  0]LogMeshReduction: No automatic skeletal mesh reduction module available
[2022.06.07-19.27.21:393][  0]LogNetVersion: Programowaniezad2 1.0.0, NetCL: 4212847, EngineNetVer: 5, GameNetVer: 0 (Checksum: 4007895246)
[2022.06.07-19.27.22:048][  0]LogPackageLocalizationCache: Processed 11 localized package path(s) for 2 prioritized culture(s) in 0.104831 seconds
[2022.06.07-19.27.22:056][  0]LogUObjectArray: 38425 objects as part of root set at end of initial load.
[2022.06.07-19.27.22:056][  0]LogUObjectAllocator: 6690864 out of 0 bytes used by permanent object pool.
[2022.06.07-19.27.22:056][  0]LogUObjectArray: CloseDisregardForGC: 0/0 objects in disregard for GC pool
[2022.06.07-19.27.23:897][  0]LogTcpMessaging: Initializing TcpMessaging bridge
[2022.06.07-19.27.23:915][  0]LogUdpMessaging: Initializing bridge on interface 0.0.0.0:0 to multicast group 230.0.0.1:6666.
[2022.06.07-19.27.24:162][  0]SourceControl: Source control is disabled
[2022.06.07-19.27.24:163][  0]SourceControl: Source control is disabled
[2022.06.07-19.27.24:171][  0]SourceControl: Source control is disabled
[2022.06.07-19.27.24:177][  0]SourceControl: Source control is disabled
[2022.06.07-19.27.24:500][  0]LogAndroidPermission: UAndroidPermissionCallbackProxy::GetInstance
[2022.06.07-19.27.24:586][  0]LogOcInput: OculusInput pre-init called
[2022.06.07-19.27.24:675][  0]LogEngine: Initializing Engine...
[2022.06.07-19.27.24:677][  0]LogHMD: Failed to initialize OpenVR with code 110
[2022.06.07-19.27.24:680][  0]LogStats: UGameplayTagsManager::ConstructGameplayTagTree: ImportINI prefixes -  0.000 s
[2022.06.07-19.27.24:680][  0]LogStats: UGameplayTagsManager::ConstructGameplayTagTree: Construct from data asset -  0.000 s
[2022.06.07-19.27.24:680][  0]LogStats: UGameplayTagsManager::ConstructGameplayTagTree: ImportINI -  0.000 s
[2022.06.07-19.27.24:680][  0]LogStats: UGameplayTagsManager::ConstructGameplayTagTree: GameplayTagTreeChangedEvent.Broadcast -  0.000 s
[2022.06.07-19.27.24:911][  0]LogInit: Initializing FReadOnlyCVARCache
[2022.06.07-19.27.24:947][  0]LogAIModule: Creating AISystem for world Untitled
[2022.06.07-19.27.24:968][  0]LogInit: XAudio2 using 'Speakers (Realtek(R) Audio)' : 2 channels at 48 kHz using 16 bits per sample (channel mask 0x3)
[2022.06.07-19.27.25:234][  0]LogInit: FAudioDevice initialized.
[2022.06.07-19.27.25:234][  0]LogNetVersion: Set ProjectVersion to 1.0.0.0. Version Checksum will be recalculated on next use.
[2022.06.07-19.27.25:322][  0]LogDerivedDataCache: Saved boot cache 0.09s 71MB C:/Users/alber/AppData/Local/UnrealEngine/4.20/DerivedDataCache/Boot.ddc.
[2022.06.07-19.27.25:327][  0]LogInit: Texture streaming: Enabled
[2022.06.07-19.27.25:357][  0]LogEngineSessionManager: EngineSessionManager initialized
[2022.06.07-19.27.25:380][  0]LogInit: Transaction tracking system initialized
[2022.06.07-19.27.25:430][  0]BlueprintLog: New page: Editor Load
[2022.06.07-19.27.25:611][  0]LocalizationService: Localization service is disabled
[2022.06.07-19.27.25:968][  0]LogCook: Display: Max memory allowance for cook 16384mb min free memory 0mb
[2022.06.07-19.27.25:968][  0]LogCook: Display: Mobile HDR setting 1
[2022.06.07-19.27.25:968][  0]LogGameplayTags: Display: UGameplayTagsManager::DoneAddingNativeTags. DelegateIsBound: 0
[2022.06.07-19.27.25:968][  0]LogStats: UGameplayTagsManager::ConstructGameplayTagTree: ImportINI prefixes -  0.000 s
[2022.06.07-19.27.25:968][  0]LogStats: UGameplayTagsManager::ConstructGameplayTagTree: Construct from data asset -  0.000 s
[2022.06.07-19.27.25:969][  0]LogStats: UGameplayTagsManager::ConstructGameplayTagTree: ImportINI -  0.000 s
[2022.06.07-19.27.25:969][  0]LogStats: UGameplayTagsManager::ConstructGameplayTagTree: GameplayTagTreeChangedEvent.Broadcast -  0.000 s
[2022.06.07-19.27.26:223][  0]LogFileCache: Scanning file cache for directory 'D:/Pulpit/Nowy folder/Programowaniezad2/Content/' took 0.01s
[2022.06.07-19.27.26:223][  0]SourceControl: Source control is disabled
[2022.06.07-19.27.26:224][  0]Cmd: MAP LOAD FILE="D:/Pulpit/Nowy folder/Programowaniezad2/Content/StarterContent/Maps/Minimal_Default.umap" TEMPLATE=0 SHOWPROGRESS=1 FEATURELEVEL=3
[2022.06.07-19.27.26:225][  0]LightingResults: New page: Lighting Build
[2022.06.07-19.27.26:231][  0]MapCheck: New page: Map Check
[2022.06.07-19.27.26:231][  0]LightingResults: New page: Lighting Build
[2022.06.07-19.27.26:622][  0]LogAIModule: Creating AISystem for world Minimal_Default
[2022.06.07-19.27.26:640][  0]LogEditorServer: Finished looking for orphan Actors (0.000 secs)
[2022.06.07-19.27.26:663][  0]Cmd: MAP CHECKDEP NOCLEARLOG
[2022.06.07-19.27.26:772][  0]MapCheck: Map check complete: 0 Error(s), 0 Warning(s), took 109,256ms to complete.
[2022.06.07-19.27.26:772][  0]LogFileHelpers: Loading map 'Minimal_Default' took 0.548
[2022.06.07-19.27.26:905][  0]LogSlate: Updating window title bar state: overlay mode, drag disabled, window buttons hidden, title bar hidden
[2022.06.07-19.27.26:912][  0]LogSlate: Updating window title bar state: overlay mode, drag disabled, window buttons hidden, title bar hidden
[2022.06.07-19.27.26:919][  0]LogSlate: Updating window title bar state: overlay mode, drag disabled, window buttons hidden, title bar hidden
[2022.06.07-19.27.26:926][  0]LogSlate: Updating window title bar state: overlay mode, drag disabled, window buttons hidden, title bar hidden
[2022.06.07-19.27.26:939][  0]LogCollectionManager: Loaded 0 collections in 0.001496 seconds
[2022.06.07-19.27.26:991][  0]LogFileCache: Scanning file cache for directory 'D:/Pulpit/Nowy folder/Programowaniezad2/Saved/Collections/' took 0.01s
[2022.06.07-19.27.26:991][  0]LogFileCache: Scanning file cache for directory 'D:/Pulpit/Nowy folder/Programowaniezad2/Content/Developers/alber/Collections/' took 0.01s
[2022.06.07-19.27.26:991][  0]LogFileCache: Scanning file cache for directory 'D:/Pulpit/Nowy folder/Programowaniezad2/Content/Collections/' took 0.01s
[2022.06.07-19.27.26:991][  0]LogCollectionManager: Rebuilt the GUID cache for 0 collections in 0.000000 seconds
[2022.06.07-19.27.27:003][  0]LogContentBrowser: Native class hierarchy populated in 0.0110 seconds. Added 2572 classes and 603 folders.
[2022.06.07-19.27.27:014][  0]LogContentBrowser: Native class hierarchy updated for 'WidgetCarousel' in 0.0003 seconds. Added 0 classes and 0 folders.
[2022.06.07-19.27.27:118][  0]LogContentBrowser: Native class hierarchy updated for 'AddContentDialog' in 0.0002 seconds. Added 0 classes and 0 folders.
[2022.06.07-19.27.27:132][  0]LogContentBrowser: Native class hierarchy updated for 'SceneOutliner' in 0.0003 seconds. Added 1 classes and 2 folders.
[2022.06.07-19.27.28:163][  0]LogSlate: Only BGRA pngs, bmps or icos are supported in by External Image Picker
[2022.06.07-19.27.28:196][  0]LogSlate: Took 0.001291 seconds to synchronously load lazily loaded font '../../../Engine/Content/Slate/Fonts/Roboto-Regular.ttf' (155K)
[2022.06.07-19.27.28:202][  0]LogSlate: Took 0.001655 seconds to synchronously load lazily loaded font '../../../Engine/Content/Slate/Fonts/Roboto-Bold.ttf' (160K)
[2022.06.07-19.27.28:211][  0]LogSlate: Took 0.000870 seconds to synchronously load lazily loaded font '../../../Engine/Content/Editor/Slate/Fonts/FontAwesome.ttf' (139K)
[2022.06.07-19.27.28:320][  0]LogTemp: Executing iPhonePackager certificates Engine -bundlename com.YourCompany.Programowaniezad2
[2022.06.07-19.27.28:320][  0]LogTemp: CWD: C:\Program Files\Epic Games\UE_4.20\Engine\Binaries\DotNET\IOS
[2022.06.07-19.27.28:320][  0]LogTemp: Initial Dir: C:\Program Files\Epic Games\UE_4.20
[2022.06.07-19.27.28:320][  0]LogTemp: Env CWD: C:\Program Files\Epic Games\UE_4.20\Engine\Binaries\DotNET\IOS
[2022.06.07-19.27.28:321][  0]LogTemp: BranchPath = LAPTOP-N4IVOJU7/C/Program Files/Epic Games/UE_4.20/Engine/Binaries --- GameBranchPath = LAPTOP-N4IVOJU7/C/Program Files/Epic Games/UE_4.20/Engine/Binaries
[2022.06.07-19.27.28:321][  0]LogTemp: IPP ERROR: Could not find provision directory 'C:\Users\alber\AppData\Local/Apple Computer/MobileDevice/Provisioning Profiles/'.
[2022.06.07-19.27.28:321][  0]LogRenderer: Reallocating scene render targets to support 808x460 Format 10 NumSamples 1 (Frame:1).
[2022.06.07-19.27.28:507][  0]LogContentBrowser: Native class hierarchy updated for 'HierarchicalLODOutliner' in 0.0003 seconds. Added 0 classes and 0 folders.
[2022.06.07-19.27.28:507][  0]LogLoad: (Engine Initialization) Total time: 14.77 seconds
[2022.06.07-19.27.28:507][  0]LogLoad: (Engine Initialization) Total Blueprint compile time: 0.00 seconds
[2022.06.07-19.27.28:568][  0]LogContentStreaming: Texture pool size now 1000 MB
[2022.06.07-19.27.28:611][  1]LogAssetRegistry: Asset discovery search completed in 7.8081 seconds
[2022.06.07-19.27.28:614][  1]LogCollectionManager: Rebuilt the object cache for 0 collections in 0.000000 seconds (found 0 objects)
[2022.06.07-19.27.28:614][  1]LogCollectionManager: Fixed up redirectors for 0 collections in 0.000141 seconds (updated 0 objects)
[2022.06.07-19.27.29:534][ 56]LogSlate: Took 0.001212 seconds to synchronously load lazily loaded font '../../../Engine/Content/Slate/Fonts/Roboto-Light.ttf' (167K)
[2022.06.07-19.27.31:216][157]LogSlate: FSceneViewport::OnFocusLost() reason 0
[2022.06.07-19.27.39:090][623]LogSlate: Took 0.000299 seconds to synchronously load lazily loaded font '../../../Engine/Content/Slate/Fonts/Roboto-Light.ttf' (167K)
[2022.06.07-19.27.46:427][ 59]LogSlate: Window 'Programowaniezad2 - Unreal Editor' being destroyed
[2022.06.07-19.27.46:625][ 60]Cmd: QUIT_EDITOR
[2022.06.07-19.27.46:660][ 60]LogWindowsTextInputMethodSystem: Display: IME system now deactivated.
[2022.06.07-19.27.46:669][ 60]LogExit: Preparing to exit.
[2022.06.07-19.27.47:061][ 60]LogExit: Editor shut down
[2022.06.07-19.27.47:061][ 60]LogExit: Transaction tracking system shut down
[2022.06.07-19.27.47:508][ 60]LogExit: Object subsystem successfully closed.
[2022.06.07-19.27.47:708][ 60]LogShaderCompilers: Display: Shaders left to compile 0
[2022.06.07-19.27.47:719][ 60]LogD3D11RHI: Shutdown
[2022.06.07-19.27.47:719][ 60]LogD3D11RHI: CleanupD3DDevice
[2022.06.07-19.27.47:758][ 60]LogD3D11RHI: ~FD3D11DynamicRHI
[2022.06.07-19.27.47:801][ 60]LogModuleManager: Shutting down and abandoning module HierarchicalLODOutliner (612)
[2022.06.07-19.27.47:801][ 60]LogModuleManager: Shutting down and abandoning module ExternalImagePicker (610)
[2022.06.07-19.27.47:801][ 60]LogModuleManager: Shutting down and abandoning module SceneOutliner (608)
[2022.06.07-19.27.47:801][ 60]LogModuleManager: Shutting down and abandoning module AddContentDialog (606)
[2022.06.07-19.27.47:802][ 60]LogModuleManager: Shutting down and abandoning module WidgetCarousel (605)
[2022.06.07-19.27.47:802][ 60]LogModuleManager: Shutting down and abandoning module EditorWidgets (602)
[2022.06.07-19.27.47:802][ 60]LogModuleManager: Shutting down and abandoning module CollectionManager (600)
[2022.06.07-19.27.47:802][ 60]LogModuleManager: Shutting down and abandoning module StatsViewer (598)
[2022.06.07-19.27.47:802][ 60]LogModuleManager: Shutting down and abandoning module FoliageEdit (596)
[2022.06.07-19.27.47:803][ 60]LogModuleManager: Shutting down and abandoning module LandscapeEditor (594)
[2022.06.07-19.27.47:803][ 60]LogModuleManager: Shutting down and abandoning module MeshPaintMode (592)
[2022.06.07-19.27.47:803][ 60]LogModuleManager: Shutting down and abandoning module SceneDepthPickerMode (590)
[2022.06.07-19.27.47:804][ 60]LogModuleManager: Shutting down and abandoning module ActorPickerMode (588)
[2022.06.07-19.27.47:804][ 60]LogModuleManager: Shutting down and abandoning module GeometryMode (586)
[2022.06.07-19.27.47:804][ 60]LogModuleManager: Shutting down and abandoning module TextureAlignMode (584)
[2022.06.07-19.27.47:804][ 60]LogModuleManager: Shutting down and abandoning module BspMode (582)
[2022.06.07-19.27.47:804][ 60]LogModuleManager: Shutting down and abandoning module PIEPreviewDeviceProfileSelector (580)
[2022.06.07-19.27.47:804][ 60]LogModuleManager: Shutting down and abandoning module SequenceRecorderSections (578)
[2022.06.07-19.27.47:804][ 60]LogModuleManager: Shutting down and abandoning module AutomationWorker (576)
[2022.06.07-19.27.47:804][ 60]LogModuleManager: Shutting down and abandoning module AudioCaptureEditor (574)
[2022.06.07-19.27.47:804][ 60]LogModuleManager: Shutting down and abandoning module SequenceRecorder (573)
[2022.06.07-19.27.47:804][ 60]LogModuleManager: Shutting down and abandoning module MatineeToLevelSequence (570)
[2022.06.07-19.27.47:805][ 60]LogModuleManager: Shutting down and abandoning module LevelSequenceEditor (568)
[2022.06.07-19.27.47:806][ 60]LogModuleManager: Shutting down and abandoning module PlacementMode (567)
[2022.06.07-19.27.47:806][ 60]LogModuleManager: Shutting down and abandoning module MaterialEditor (566)
[2022.06.07-19.27.47:807][ 60]LogModuleManager: Shutting down and abandoning module WmfMediaFactory (562)
[2022.06.07-19.27.47:807][ 60]LogModuleManager: Shutting down and abandoning module WmfMediaEditor (560)
[2022.06.07-19.27.47:807][ 60]LogModuleManager: Shutting down and abandoning module MediaPlayerEditor (558)
[2022.06.07-19.27.47:808][ 60]LogModuleManager: Shutting down and abandoning module OpenExrWrapper (556)
[2022.06.07-19.27.47:808][ 60]LogModuleManager: Shutting down and abandoning module ImgMediaFactory (554)
[2022.06.07-19.27.47:808][ 60]LogModuleManager: Shutting down and abandoning module ImgMediaEditor (552)
[2022.06.07-19.27.47:808][ 60]LogModuleManager: Shutting down and abandoning module AvfMediaFactory (550)
[2022.06.07-19.27.47:808][ 60]LogModuleManager: Shutting down and abandoning module AvfMediaEditor (548)
[2022.06.07-19.27.47:808][ 60]LogModuleManager: Shutting down and abandoning module AndroidMediaFactory (546)
[2022.06.07-19.27.47:808][ 60]LogModuleManager: Shutting down and abandoning module AndroidMediaEditor (544)
[2022.06.07-19.27.47:808][ 60]LogModuleManager: Shutting down and abandoning module MagicLeapCameraPreviewFactory (542)
[2022.06.07-19.27.47:808][ 60]LogModuleManager: Shutting down and abandoning module MagicLeapMediaFactory (540)
[2022.06.07-19.27.47:808][ 60]LogModuleManager: Shutting down and abandoning module MagicLeapMediaEditor (538)
[2022.06.07-19.27.47:808][ 60]LogModuleManager: Shutting down and abandoning module CharacterAI (536)
[2022.06.07-19.27.47:808][ 60]LogModuleManager: Shutting down and abandoning module SmartSnapping (534)
[2022.06.07-19.27.47:808][ 60]LogModuleManager: Shutting down and abandoning module SessionServices (532)
[2022.06.07-19.27.47:808][ 60]LogModuleManager: Shutting down and abandoning module ViewportSnapping (530)
[2022.06.07-19.27.47:808][ 60]LogModuleManager: Shutting down and abandoning module ViewportInteraction (528)
[2022.06.07-19.27.47:808][ 60]LogModuleManager: Shutting down and abandoning module ClothPainter (526)
[2022.06.07-19.27.47:809][ 60]LogModuleManager: Shutting down and abandoning module SkeletalMeshEditor (525)
[2022.06.07-19.27.47:809][ 60]LogModuleManager: Shutting down and abandoning module LogVisualizer (522)
[2022.06.07-19.27.47:810][ 60]LogModuleManager: Shutting down and abandoning module IntroTutorials (520)
[2022.06.07-19.27.47:810][ 60]LogModuleManager: Shutting down and abandoning module GameProjectGeneration (519)
[2022.06.07-19.27.47:811][ 60]LogModuleManager: Shutting down and abandoning module LuminPlatformEditor (516)
[2022.06.07-19.27.47:811][ 60]LogModuleManager: Shutting down and abandoning module IOSPlatformEditor (514)
[2022.06.07-19.27.47:811][ 60]LogModuleManager: Shutting down and abandoning module HTML5PlatformEditor (512)
[2022.06.07-19.27.47:811][ 60]LogModuleManager: Shutting down and abandoning module AndroidPlatformEditor (510)
[2022.06.07-19.27.47:811][ 60]LogModuleManager: Shutting down and abandoning module AndroidDeviceDetection (509)
[2022.06.07-19.27.48:701][ 60]LogModuleManager: Shutting down and abandoning module WindowsPlatformEditor (506)
[2022.06.07-19.27.48:701][ 60]LogModuleManager: Shutting down and abandoning module LuminRuntimeSettings (504)
[2022.06.07-19.27.48:701][ 60]LogModuleManager: Shutting down and abandoning module IOSRuntimeSettings (502)
[2022.06.07-19.27.48:701][ 60]LogModuleManager: Shutting down and abandoning module AndroidRuntimeSettings (500)
[2022.06.07-19.27.48:701][ 60]LogModuleManager: Shutting down and abandoning module InputBindingEditor (498)
[2022.06.07-19.27.48:702][ 60]LogModuleManager: Shutting down and abandoning module MergeActors (496)
[2022.06.07-19.27.48:702][ 60]LogModuleManager: Shutting down and abandoning module LocalizationDashboard (494)
[2022.06.07-19.27.48:703][ 60]LogModuleManager: Shutting down and abandoning module LocalizationService (493)
[2022.06.07-19.27.48:703][ 60]LogModuleManager: Shutting down and abandoning module HardwareTargeting (490)
[2022.06.07-19.27.48:703][ 60]LogModuleManager: Shutting down and abandoning module DeviceProfileEditor (488)
[2022.06.07-19.27.48:703][ 60]LogModuleManager: Shutting down and abandoning module UndoHistory (486)
[2022.06.07-19.27.48:703][ 60]LogModuleManager: Shutting down and abandoning module XmlParser (484)
[2022.06.07-19.27.48:703][ 60]LogModuleManager: Shutting down and abandoning module Blutility (482)
[2022.06.07-19.27.48:703][ 60]LogModuleManager: Shutting down and abandoning module ProjectSettingsViewer (480)
[2022.06.07-19.27.48:703][ 60]LogModuleManager: Shutting down and abandoning module ProjectTargetPlatformEditor (479)
[2022.06.07-19.27.48:703][ 60]LogModuleManager: Shutting down and abandoning module EditorSettingsViewer (476)
[2022.06.07-19.27.48:703][ 60]LogModuleManager: Shutting down and abandoning module SettingsEditor (474)
[2022.06.07-19.27.48:704][ 60]LogModuleManager: Shutting down and abandoning module ProjectLauncher (472)
[2022.06.07-19.27.48:705][ 60]LogModuleManager: Shutting down and abandoning module SessionFrontend (470)
[2022.06.07-19.27.48:705][ 60]LogModuleManager: Shutting down and abandoning module ProfilerClient (468)
[2022.06.07-19.27.48:705][ 60]LogModuleManager: Shutting down and abandoning module DeviceManager (466)
[2022.06.07-19.27.48:705][ 60]LogModuleManager: Shutting down and abandoning module TargetDeviceServices (465)
[2022.06.07-19.27.48:747][ 60]LogModuleManager: Shutting down and abandoning module AutomationController (462)
[2022.06.07-19.27.48:747][ 60]LogModuleManager: Shutting down and abandoning module AutomationWindow (460)
[2022.06.07-19.27.48:747][ 60]LogModuleManager: Shutting down and abandoning module Layers (458)
[2022.06.07-19.27.48:748][ 60]LogModuleManager: Shutting down and abandoning module ComponentVisualizers (456)
[2022.06.07-19.27.48:748][ 60]LogModuleManager: Shutting down and abandoning module DetailCustomizations (454)
[2022.06.07-19.27.48:748][ 60]LogModuleManager: Shutting down and abandoning module PackagesDialog (452)
[2022.06.07-19.27.48:749][ 60]LogModuleManager: Shutting down and abandoning module Persona (450)
[2022.06.07-19.27.48:749][ 60]LogModuleManager: Shutting down and abandoning module AdvancedPreviewScene (449)
[2022.06.07-19.27.48:749][ 60]LogModuleManager: Shutting down and abandoning module AnimGraph (447)
[2022.06.07-19.27.48:749][ 60]LogModuleManager: Shutting down and abandoning module Kismet (444)
[2022.06.07-19.27.48:750][ 60]LogModuleManager: Shutting down and abandoning module GraphEditor (442)
[2022.06.07-19.27.48:751][ 60]LogModuleManager: Shutting down and abandoning module ClassViewer (440)
[2022.06.07-19.27.48:751][ 60]LogModuleManager: Shutting down and abandoning module Toolbox (438)
[2022.06.07-19.27.48:752][ 60]LogModuleManager: Shutting down and abandoning module ModuleUI (436)
[2022.06.07-19.27.48:752][ 60]LogModuleManager: Shutting down and abandoning module MovieSceneTools (434)
[2022.06.07-19.27.48:752][ 60]LogModuleManager: Shutting down and abandoning module OutputLog (432)
[2022.06.07-19.27.48:752][ 60]LogModuleManager: Shutting down and abandoning module GammaUI (430)
[2022.06.07-19.27.48:752][ 60]LogModuleManager: Shutting down and abandoning module Documentation (428)
[2022.06.07-19.27.48:752][ 60]LogModuleManager: Shutting down and abandoning module MovieSceneTracks (426)
[2022.06.07-19.27.48:752][ 60]LogModuleManager: Shutting down and abandoning module MovieScene (424)
[2022.06.07-19.27.48:753][ 60]LogModuleManager: Shutting down and abandoning module StreamingPauseRendering (422)
[2022.06.07-19.27.48:753][ 60]LogModuleManager: Shutting down and abandoning module LauncherPlatform (420)
[2022.06.07-19.27.48:753][ 60]LogModuleManager: Shutting down and abandoning module AnalyticsET (418)
[2022.06.07-19.27.48:753][ 60]LogModuleManager: Shutting down and abandoning module PortalServices (416)
[2022.06.07-19.27.48:753][ 60]LogModuleManager: Shutting down and abandoning module PortalRpc (414)
[2022.06.07-19.27.48:753][ 60]LogModuleManager: Shutting down and abandoning module MessagingRpc (412)
[2022.06.07-19.27.48:753][ 60]LogModuleManager: Shutting down and abandoning module AIModule (410)
[2022.06.07-19.27.48:753][ 60]LogModuleManager: Shutting down and abandoning module GameplayDebugger (409)
[2022.06.07-19.27.48:754][ 60]LogModuleManager: Shutting down and abandoning module AITestSuite (407)
[2022.06.07-19.27.48:754][ 60]LogModuleManager: Shutting down and abandoning module NavigationSystem (405)
[2022.06.07-19.27.48:754][ 60]LogModuleManager: Shutting down and abandoning module DesktopPlatform (402)
[2022.06.07-19.27.48:754][ 60]LogModuleManager: Shutting down and abandoning module ProfilerService (400)
[2022.06.07-19.27.48:908][ 60]LogModuleManager: Shutting down and abandoning module TaskGraph (398)
[2022.06.07-19.27.48:909][ 60]LogModuleManager: Shutting down and abandoning module SteamVRController (396)
[2022.06.07-19.27.48:909][ 60]LogModuleManager: Shutting down and abandoning module ProceduralMeshComponentEditor (394)
[2022.06.07-19.27.48:909][ 60]LogModuleManager: Shutting down and abandoning module ProceduralMeshComponent (392)
[2022.06.07-19.27.48:909][ 60]LogModuleManager: Shutting down and abandoning module OculusInput (390)
[2022.06.07-19.27.48:909][ 60]LogModuleManager: Shutting down and abandoning module MobilePatchingUtils (388)
[2022.06.07-19.27.48:909][ 60]LogModuleManager: Shutting down and abandoning module EditableMesh (386)
[2022.06.07-19.27.48:910][ 60]LogModuleManager: Shutting down and abandoning module CustomMeshComponent (384)
[2022.06.07-19.27.48:910][ 60]LogModuleManager: Shutting down and abandoning module CableComponent (382)
[2022.06.07-19.27.48:910][ 60]LogModuleManager: Shutting down and abandoning module AudioCapture (380)
[2022.06.07-19.27.48:910][ 60]LogModuleManager: Shutting down and abandoning module ArchVisCharacter (378)
[2022.06.07-19.27.48:910][ 60]LogModuleManager: Shutting down and abandoning module AndroidPermission (376)
[2022.06.07-19.27.48:910][ 60]LogModuleManager: Shutting down and abandoning module NUTUnrealEngine4 (374)
[2022.06.07-19.27.48:910][ 60]LogModuleManager: Shutting down and abandoning module NetcodeUnitTest (372)
[2022.06.07-19.27.48:911][ 60]LogModuleManager: Shutting down and abandoning module MediaCompositingEditor (370)
[2022.06.07-19.27.48:911][ 60]LogModuleManager: Shutting down and abandoning module MediaCompositing (368)
[2022.06.07-19.27.48:911][ 60]LogModuleManager: Shutting down and abandoning module LinearTimecode (366)
[2022.06.07-19.27.48:911][ 60]LogModuleManager: Shutting down and abandoning module ImgMedia (364)
[2022.06.07-19.27.48:917][ 60]LogModuleManager: Shutting down and abandoning module HTML5Networking (362)
[2022.06.07-19.27.48:917][ 60]LogModuleManager: Shutting down and abandoning module GeometryCacheTracks (360)
[2022.06.07-19.27.48:917][ 60]LogModuleManager: Shutting down and abandoning module GeometryCacheSequencer (358)
[2022.06.07-19.27.48:917][ 60]LogModuleManager: Shutting down and abandoning module BackChannel (356)
[2022.06.07-19.27.48:918][ 60]LogModuleManager: Shutting down and abandoning module AppleVision (354)
[2022.06.07-19.27.48:918][ 60]LogModuleManager: Shutting down and abandoning module AppleImageUtils (352)
[2022.06.07-19.27.48:918][ 60]LogModuleManager: Shutting down and abandoning module AlembicImporter (350)
[2022.06.07-19.27.48:918][ 60]LogModuleManager: Shutting down and abandoning module AlembicLibrary (349)
[2022.06.07-19.27.48:918][ 60]LogModuleManager: Shutting down and abandoning module GeometryCache (348)
[2022.06.07-19.27.48:918][ 60]LogModuleManager: Shutting down and abandoning module GeometryCacheEd (347)
[2022.06.07-19.27.48:918][ 60]LogModuleManager: Shutting down and abandoning module DatasmithContentEditor (342)
[2022.06.07-19.27.48:918][ 60]LogModuleManager: Shutting down and abandoning module DatasmithContent (340)
[2022.06.07-19.27.48:918][ 60]LogModuleManager: Shutting down and abandoning module SpeedTreeImporter (338)
[2022.06.07-19.27.48:919][ 60]LogModuleManager: Shutting down and abandoning module PluginBrowser (336)
[2022.06.07-19.27.48:920][ 60]LogModuleManager: Shutting down and abandoning module MobileLauncherProfileWizard (334)
[2022.06.07-19.27.48:920][ 60]LogModuleManager: Shutting down and abandoning module PolygonModeling (332)
[2022.06.07-19.27.48:920][ 60]LogModuleManager: Shutting down and abandoning module MeshEditor (330)
[2022.06.07-19.27.48:921][ 60]LogModuleManager: Shutting down and abandoning module CryptoKeysOpenSSL (328)
[2022.06.07-19.27.48:921][ 60]LogModuleManager: Shutting down and abandoning module CryptoKeys (326)
[2022.06.07-19.27.48:921][ 60]LogModuleManager: Shutting down and abandoning module VisualStudioSourceCodeAccess (324)
[2022.06.07-19.27.48:921][ 60]LogModuleManager: Shutting down and abandoning module VisualStudioCodeSourceCodeAccess (322)
[2022.06.07-19.27.48:921][ 60]LogModuleManager: Shutting down and abandoning module UObjectPlugin (320)
[2022.06.07-19.27.48:921][ 60]LogModuleManager: Shutting down and abandoning module SubversionSourceControl (318)
[2022.06.07-19.27.48:921][ 60]LogModuleManager: Shutting down and abandoning module PerforceSourceControl (316)
[2022.06.07-19.27.48:922][ 60]LogModuleManager: Shutting down and abandoning module GitSourceControl (314)
[2022.06.07-19.27.48:923][ 60]LogModuleManager: Shutting down and abandoning module SourceControl (313)
[2022.06.07-19.27.48:923][ 60]LogModuleManager: Shutting down and abandoning module CLionSourceCodeAccess (310)
[2022.06.07-19.27.48:923][ 60]LogModuleManager: Shutting down and abandoning module LightPropagationVolumeEditor (308)
[2022.06.07-19.27.48:923][ 60]LogModuleManager: Shutting down and abandoning module PaperTiledImporter (306)
[2022.06.07-19.27.48:923][ 60]LogModuleManager: Shutting down and abandoning module PaperSpriteSheetImporter (304)
[2022.06.07-19.27.48:923][ 60]LogModuleManager: Shutting down and abandoning module Paper2DEditor (302)
[2022.06.07-19.27.48:924][ 60]LogModuleManager: Shutting down and abandoning module MeshPaint (301)
[2022.06.07-19.27.48:924][ 60]LogModuleManager: Shutting down and abandoning module RuntimePhysXCooking (298)
[2022.06.07-19.27.48:924][ 60]LogModuleManager: Shutting down and abandoning module PhysXVehiclesEditor (296)
[2022.06.07-19.27.48:924][ 60]LogModuleManager: Shutting down and abandoning module PhysXVehicles (294)
[2022.06.07-19.27.48:924][ 60]LogModuleManager: Shutting down and abandoning module OculusEditor (292)
[2022.06.07-19.27.48:925][ 60]LogModuleManager: Shutting down and abandoning module LocationServicesBPLibrary (290)
[2022.06.07-19.27.48:925][ 60]LogModuleManager: Shutting down and abandoning module ImmediatePhysicsEditor (288)
[2022.06.07-19.27.48:925][ 60]LogModuleManager: Shutting down and abandoning module ImmediatePhysics (286)
[2022.06.07-19.27.48:925][ 60]LogModuleManager: Shutting down and abandoning module ActorSequence (284)
[2022.06.07-19.27.48:925][ 60]LogModuleManager: Shutting down and abandoning module UdpMessaging (282)
[2022.06.07-19.27.49:026][ 60]LogModuleManager: Shutting down and abandoning module TcpMessaging (280)
[2022.06.07-19.27.49:127][ 60]LogModuleManager: Shutting down and abandoning module MagicLeapAudio (278)
[2022.06.07-19.27.49:127][ 60]LogModuleManager: Shutting down and abandoning module GameplayTagsEditor (276)
[2022.06.07-19.27.49:127][ 60]LogModuleManager: Shutting down and abandoning module FacialAnimationEditor (274)
[2022.06.07-19.27.49:127][ 60]LogModuleManager: Shutting down and abandoning module FacialAnimation (272)
[2022.06.07-19.27.49:127][ 60]LogModuleManager: Shutting down and abandoning module DataValidation (270)
[2022.06.07-19.27.49:127][ 60]LogModuleManager: Shutting down and abandoning module AssetManagerEditor (268)
[2022.06.07-19.27.49:128][ 60]LogModuleManager: Shutting down and abandoning module LevelEditor (267)
[2022.06.07-19.27.49:129][ 60]LogModuleManager: Shutting down and abandoning module PixelInspectorModule (266)
[2022.06.07-19.27.49:129][ 60]LogModuleManager: Shutting down and abandoning module CommonMenuExtensions (264)
[2022.06.07-19.27.49:129][ 60]LogModuleManager: Shutting down and abandoning module MainFrame (262)
[2022.06.07-19.27.49:129][ 60]LogModuleManager: Shutting down and abandoning module HotReload (261)
[2022.06.07-19.27.49:130][ 60]LogModuleManager: Shutting down and abandoning module ContentBrowser (257)
[2022.06.07-19.27.49:130][ 60]LogModuleManager: Shutting down and abandoning module TreeMap (255)
[2022.06.07-19.27.49:131][ 60]LogModuleManager: Shutting down and abandoning module LightPropagationVolumeRuntime (252)
[2022.06.07-19.27.49:131][ 60]LogModuleManager: Shutting down and abandoning module AISupportModule (250)
[2022.06.07-19.27.49:131][ 60]LogModuleManager: Shutting down and abandoning module Paper2D (248)
[2022.06.07-19.27.49:131][ 60]LogModuleManager: Shutting down and abandoning module WindowsMoviePlayer (246)
[2022.06.07-19.27.49:131][ 60]LogModuleManager: Shutting down and abandoning module WmfMedia (244)
[2022.06.07-19.27.49:133][ 60]LogModuleManager: Shutting down and abandoning module Media (243)
[2022.06.07-19.27.49:140][ 60]LogModuleManager: Shutting down and abandoning module PacketHandler (240)
[2022.06.07-19.27.49:140][ 60]LogModuleManager: Shutting down and abandoning module ClothingSystemEditor (238)
[2022.06.07-19.27.49:140][ 60]LogModuleManager: Shutting down and abandoning module ClothingSystemRuntime (236)
[2022.06.07-19.27.49:141][ 60]LogModuleManager: Shutting down and abandoning module MediaAssets (234)
[2022.06.07-19.27.49:141][ 60]LogModuleManager: Shutting down and abandoning module Overlay (232)
[2022.06.07-19.27.49:141][ 60]LogModuleManager: Shutting down and abandoning module OverlayEditor (231)
[2022.06.07-19.27.49:141][ 60]LogModuleManager: Shutting down and abandoning module VREditor (228)
[2022.06.07-19.27.49:141][ 60]LogModuleManager: Shutting down and abandoning module StringTableEditor (226)
[2022.06.07-19.27.49:141][ 60]LogModuleManager: Shutting down and abandoning module GameplayTasksEditor (224)
[2022.06.07-19.27.49:141][ 60]LogModuleManager: Shutting down and abandoning module BehaviorTreeEditor (222)
[2022.06.07-19.27.49:143][ 60]LogModuleManager: Shutting down and abandoning module FunctionalTesting (220)
[2022.06.07-19.27.49:143][ 60]LogModuleManager: Shutting down and abandoning module CollisionAnalyzer (218)
[2022.06.07-19.27.49:144][ 60]LogModuleManager: Shutting down and abandoning module WorkspaceMenuStructure (217)
[2022.06.07-19.27.49:144][ 60]LogModuleManager: Shutting down and abandoning module UMG (214)
[2022.06.07-19.27.49:144][ 60]LogModuleManager: Shutting down and abandoning module UMGEditor (213)
[2022.06.07-19.27.49:145][ 60]LogModuleManager: Shutting down and abandoning module Sequencer (212)
[2022.06.07-19.27.49:146][ 60]LogModuleManager: Shutting down and abandoning module MessageLog (209)
[2022.06.07-19.27.49:146][ 60]LogModuleManager: Shutting down and abandoning module SlateReflector (204)
[2022.06.07-19.27.49:148][ 60]LogModuleManager: Shutting down and abandoning module Slate (202)
[2022.06.07-19.27.49:148][ 60]LogModuleManager: Shutting down and abandoning module EditorStyle (200)
[2022.06.07-19.27.49:149][ 60]LogModuleManager: Shutting down and abandoning module MRMesh (198)
[2022.06.07-19.27.49:149][ 60]LogModuleManager: Shutting down and abandoning module SourceCodeAccess (196)
[2022.06.07-19.27.49:149][ 60]LogModuleManager: Shutting down and abandoning module HeadMountedDisplay (194)
[2022.06.07-19.27.49:149][ 60]LogModuleManager: Shutting down and abandoning module XAudio2 (192)
[2022.06.07-19.27.49:149][ 60]LogModuleManager: Shutting down and abandoning module Networking (190)
[2022.06.07-19.27.49:149][ 60]LogModuleManager: Shutting down and abandoning module Core (188)
[2022.06.07-19.27.49:149][ 60]LogModuleManager: Shutting down and abandoning module LevelSequence (186)
[2022.06.07-19.27.49:149][ 60]LogModuleManager: Shutting down and abandoning module KismetCompiler (184)
[2022.06.07-19.27.49:149][ 60]LogModuleManager: Shutting down and abandoning module MeshUtilities (182)
[2022.06.07-19.27.49:150][ 60]LogModuleManager: Shutting down and abandoning module MeshMergeUtilities (181)
[2022.06.07-19.27.49:150][ 60]LogModuleManager: Shutting down and abandoning module MeshReductionInterface (180)
[2022.06.07-19.27.49:150][ 60]LogModuleManager: Shutting down and abandoning module SimplygonSwarm (179)
[2022.06.07-19.27.49:150][ 60]LogModuleManager: Shutting down and abandoning module ProxyLODMeshReduction (177)
[2022.06.07-19.27.49:151][ 60]LogModuleManager: Shutting down and abandoning module SimplygonMeshReduction (175)
[2022.06.07-19.27.49:151][ 60]LogModuleManager: Shutting down and abandoning module QuadricMeshReduction (173)
[2022.06.07-19.27.49:152][ 60]LogModuleManager: Shutting down and abandoning module MaterialBaking (169)
[2022.06.07-19.27.49:152][ 60]LogModuleManager: Shutting down and abandoning module DirectoryWatcher (165)
[2022.06.07-19.27.49:152][ 60]LogModuleManager: Shutting down and abandoning module DerivedDataCache (162)
[2022.06.07-19.27.49:190][ 60]LogDerivedDataCache: Shutdown
[2022.06.07-19.27.49:190][ 60]LogModuleManager: Shutting down and abandoning module XGEController (160)
[2022.06.07-19.27.49:190][ 60]LogXGEController: Cleaning working directory: C:/Users/alber/AppData/Local/Temp/UnrealXGEWorkingDir/
[2022.06.07-19.27.49:191][ 60]LogModuleManager: Shutting down and abandoning module TargetPlatform (158)
[2022.06.07-19.27.49:191][ 60]LogModuleManager: Shutting down and abandoning module VulkanShaderFormat (157)
[2022.06.07-19.27.49:191][ 60]LogModuleManager: Shutting down and abandoning module ShaderFormatVectorVM (155)
[2022.06.07-19.27.49:192][ 60]LogModuleManager: Shutting down and abandoning module ShaderFormatOpenGL (153)
[2022.06.07-19.27.49:192][ 60]LogModuleManager: Shutting down and abandoning module ShaderFormatD3D (151)
[2022.06.07-19.27.49:192][ 60]LogModuleManager: Shutting down and abandoning module MetalShaderFormat (149)
[2022.06.07-19.27.49:193][ 60]LogModuleManager: Shutting down and abandoning module TextureFormatUncompressed (147)
[2022.06.07-19.27.49:193][ 60]LogModuleManager: Shutting down and abandoning module TextureFormatPVR (145)
[2022.06.07-19.27.49:193][ 60]LogModuleManager: Shutting down and abandoning module TextureFormatDXT (143)
[2022.06.07-19.27.49:193][ 60]LogModuleManager: Shutting down and abandoning module TextureFormatIntelISPCTexComp (141)
[2022.06.07-19.27.49:193][ 60]LogModuleManager: Shutting down and abandoning module TextureFormatASTC (139)
[2022.06.07-19.27.49:193][ 60]LogModuleManager: Shutting down and abandoning module ImageWrapper (138)
[2022.06.07-19.27.49:193][ 60]LogModuleManager: Shutting down and abandoning module TextureFormatAndroid (135)
[2022.06.07-19.27.49:193][ 60]LogModuleManager: Shutting down and abandoning module AudioFormatOpus (133)
[2022.06.07-19.27.49:193][ 60]LogModuleManager: Shutting down and abandoning module AudioFormatOgg (131)
[2022.06.07-19.27.49:194][ 60]LogModuleManager: Shutting down and abandoning module AudioFormatADPCM (129)
[2022.06.07-19.27.49:194][ 60]LogModuleManager: Shutting down and abandoning module LuminTargetPlatform (127)
[2022.06.07-19.27.49:194][ 60]LogModuleManager: Shutting down and abandoning module LinuxTargetPlatform (125)
[2022.06.07-19.27.49:194][ 60]LogModuleManager: Shutting down and abandoning module LinuxServerTargetPlatform (123)
[2022.06.07-19.27.49:194][ 60]LogModuleManager: Shutting down and abandoning module LinuxNoEditorTargetPlatform (121)
[2022.06.07-19.27.49:194][ 60]LogModuleManager: Shutting down and abandoning module LinuxClientTargetPlatform (119)
[2022.06.07-19.27.49:194][ 60]LogModuleManager: Shutting down and abandoning module TVOSTargetPlatform (117)
[2022.06.07-19.27.49:194][ 60]LogModuleManager: Shutting down and abandoning module Messaging (115)
[2022.06.07-19.27.49:194][ 60]LogModuleManager: Shutting down and abandoning module IOSTargetPlatform (113)
[2022.06.07-19.27.49:195][ 60]LogModuleManager: Shutting down and abandoning module HTML5TargetPlatform (111)
[2022.06.07-19.27.49:195][ 60]LogModuleManager: Shutting down and abandoning module AndroidTargetPlatform (109)
[2022.06.07-19.27.49:199][ 60]LogModuleManager: Shutting down and abandoning module WindowsTargetPlatform (107)
[2022.06.07-19.27.49:199][ 60]LogModuleManager: Shutting down and abandoning module WindowsServerTargetPlatform (105)
[2022.06.07-19.27.49:199][ 60]LogModuleManager: Shutting down and abandoning module WindowsNoEditorTargetPlatform (103)
[2022.06.07-19.27.49:199][ 60]LogModuleManager: Shutting down and abandoning module WindowsClientTargetPlatform (101)
[2022.06.07-19.27.49:199][ 60]LogModuleManager: Shutting down and abandoning module MacTargetPlatform (99)
[2022.06.07-19.27.49:199][ 60]LogModuleManager: Shutting down and abandoning module MacServerTargetPlatform (97)
[2022.06.07-19.27.49:199][ 60]LogModuleManager: Shutting down and abandoning module MacNoEditorTargetPlatform (95)
[2022.06.07-19.27.49:199][ 60]LogModuleManager: Shutting down and abandoning module MacClientTargetPlatform (93)
[2022.06.07-19.27.49:199][ 60]LogModuleManager: Shutting down and abandoning module AllDesktopTargetPlatform (91)
[2022.06.07-19.27.49:199][ 60]LogModuleManager: Shutting down and abandoning module InputCore (88)
[2022.06.07-19.27.49:199][ 60]LogModuleManager: Shutting down and abandoning module Settings (86)
[2022.06.07-19.27.49:199][ 60]LogModuleManager: Shutting down and abandoning module PhysXCooking (84)
[2022.06.07-19.27.49:199][ 60]LogModuleManager: Shutting down and abandoning module SteamVR (82)
[2022.06.07-19.27.49:199][ 60]LogModuleManager: Shutting down and abandoning module OculusHMD (80)
[2022.06.07-19.27.49:199][ 60]LogModuleManager: Shutting down and abandoning module ExampleDeviceProfileSelector (78)
[2022.06.07-19.27.49:199][ 60]LogModuleManager: Shutting down and abandoning module LauncherChunkInstaller (76)
[2022.06.07-19.27.49:199][ 60]LogModuleManager: Shutting down and abandoning module OnlineBlueprintSupport (74)
[2022.06.07-19.27.49:199][ 60]LogModuleManager: Shutting down and abandoning module OnlineSubsystem (70)
[2022.06.07-19.27.49:201][ 60]LogModuleManager: Shutting down and abandoning module XMPP (65)
[2022.06.07-19.27.49:202][ 60]LogModuleManager: Shutting down and abandoning module WebSockets (64)
[2022.06.07-19.27.49:221][ 60]LogModuleManager: Shutting down and abandoning module HTTP (61)
[2022.06.07-19.27.49:221][ 60]LogHttp: Display: Http module shutting down, but needs to wait on 1 outstanding Http requests:
[2022.06.07-19.27.49:221][ 60]LogHttp: Display: 	verb=[POST] url=[https://datarouter.ol.epicgames.com/datarouter/api/v1/public/data?SessionID=%7B51889EB1-48DA-80AB-3E6A-E8BD02BEC4B2%7D&AppID=UEEditor.Rocket.Release&AppVersion=4.20.3-4369336%2B%2B%2BUE4%2BRelease-4.20&UserID=14052f274036926d9066c6afb1f532b8%7Ca1826255014c428f9476c187b12af62c%7C5fafe5cd-b8f9-4d20-bdd7-d1c2193e8c68&AppEnvironment=datacollector-binary&UploadType=eteventstream] status=Processing
[2022.06.07-19.27.49:256][ 60]LogModuleManager: Shutting down and abandoning module SSL (60)
[2022.06.07-19.27.49:257][ 60]LogModuleManager: Shutting down and abandoning module MagicLeapEmulator (56)
[2022.06.07-19.27.49:257][ 60]LogModuleManager: Shutting down and abandoning module MagicLeapPrivileges (54)
[2022.06.07-19.27.49:257][ 60]LogModuleManager: Shutting down and abandoning module MagicLeapIdentity (52)
[2022.06.07-19.27.49:257][ 60]LogModuleManager: Shutting down and abandoning module MagicLeapHelperVulkan (50)
[2022.06.07-19.27.49:257][ 60]LogModuleManager: Shutting down and abandoning module MagicLeapHelperOpenGL (48)
[2022.06.07-19.27.49:257][ 60]LogModuleManager: Shutting down and abandoning module MagicLeapSecureStorage (46)
[2022.06.07-19.27.49:257][ 60]LogModuleManager: Shutting down and abandoning module MagicLeapGestures (44)
[2022.06.07-19.27.49:257][ 60]LogModuleManager: Shutting down and abandoning module MagicLeapEyeTracker (42)
[2022.06.07-19.27.49:257][ 60]LogModuleManager: Shutting down and abandoning module MagicLeapController (40)
[2022.06.07-19.27.49:257][ 60]LogSlate: Slate User Destroyed.  User Index 0, Is Virtual User: 0
[2022.06.07-19.27.49:257][ 60]LogModuleManager: Shutting down and abandoning module MagicLeap (38)
[2022.06.07-19.27.49:257][ 60]LogModuleManager: Shutting down and abandoning module AnimationModifiers (36)
[2022.06.07-19.27.49:258][ 60]LogModuleManager: Shutting down and abandoning module PropertyEditor (35)
[2022.06.07-19.27.49:258][ 60]LogModuleManager: Shutting down and abandoning module AudioEditor (32)
[2022.06.07-19.27.49:259][ 60]LogModuleManager: Shutting down and abandoning module TextureCompressor (30)
[2022.06.07-19.27.49:260][ 60]LogModuleManager: Shutting down and abandoning module ShaderCore (28)
[2022.06.07-19.27.49:260][ 60]LogModuleManager: Shutting down and abandoning module Landscape (26)
[2022.06.07-19.27.49:260][ 60]LogModuleManager: Shutting down and abandoning module SlateRHIRenderer (24)
[2022.06.07-19.27.49:260][ 60]LogModuleManager: Shutting down and abandoning module OpenGLDrv (22)
[2022.06.07-19.27.49:260][ 60]LogModuleManager: Shutting down and abandoning module D3D11RHI (20)
[2022.06.07-19.27.49:260][ 60]LogModuleManager: Shutting down and abandoning module AnimGraphRuntime (18)
[2022.06.07-19.27.49:261][ 60]LogModuleManager: Shutting down and abandoning module Renderer (16)
[2022.06.07-19.27.49:261][ 60]LogModuleManager: Shutting down and abandoning module Engine (14)
[2022.06.07-19.27.49:261][ 60]LogModuleManager: Shutting down and abandoning module CoreUObject (12)
[2022.06.07-19.27.49:261][ 60]LogModuleManager: Shutting down and abandoning module NetworkFile (10)
[2022.06.07-19.27.49:261][ 60]LogModuleManager: Shutting down and abandoning module CookedIterativeFile (8)
[2022.06.07-19.27.49:261][ 60]LogModuleManager: Shutting down and abandoning module StreamingFile (6)
[2022.06.07-19.27.49:261][ 60]LogModuleManager: Shutting down and abandoning module SandboxFile (4)
[2022.06.07-19.27.49:261][ 60]LogModuleManager: Shutting down and abandoning module PakFile (2)
[2022.06.07-19.27.49:280][ 60]LogExit: Exiting.
[2022.06.07-19.27.49:282][ 60]Log file closed, 06/07/22 21:27:49
